[debug] [2023-12-28T10:53:43.822Z] ----------------------------------------------------------------------
[debug] [2023-12-28T10:53:43.825Z] Command:       C:\Program Files\nodejs\node.exe C:\Users\tomoy\AppData\Roaming\npm\node_modules\firebase-tools\lib\bin\firebase.js init
[debug] [2023-12-28T10:53:43.825Z] CLI Version:   13.0.2
[debug] [2023-12-28T10:53:43.826Z] Platform:      win32
[debug] [2023-12-28T10:53:43.826Z] Node Version:  v20.10.0
[debug] [2023-12-28T10:53:43.826Z] Time:          Thu Dec 28 2023 19:53:43 GMT+0900 (日本標準時)
[debug] [2023-12-28T10:53:43.826Z] ----------------------------------------------------------------------
[debug] 
[debug] [2023-12-28T10:53:43.909Z] > command requires scopes: ["email","openid","https://www.googleapis.com/auth/cloudplatformprojects.readonly","https://www.googleapis.com/auth/firebase","https://www.googleapis.com/auth/cloud-platform"]
[debug] [2023-12-28T10:53:43.910Z] > authorizing via signed-in user (rui.tomchi@gmail.com)
[info] 
     ######## #### ########  ######## ########     ###     ######  ########
     ##        ##  ##     ## ##       ##     ##  ##   ##  ##       ##
     ######    ##  ########  ######   ########  #########  ######  ######
     ##        ##  ##    ##  ##       ##     ## ##     ##       ## ##
     ##       #### ##     ## ######## ########  ##     ##  ######  ########

You're about to initialize a Firebase project in this directory:

  C:\Users\tomoy

Before we get started, keep in mind:

  * You are initializing within an existing Firebase project directory

